<?xml version="1.0" encoding="UTF-8"?>
<!-- Generated by org.testng.reporters.JUnitReportReporter -->
<testsuite skipped="0" hostname="Praveenas-MacBook-Pro.local" name="com.test.tests.TekArchApiTestScriptE2E" tests="5" failures="0" timestamp="2022-02-23T16:25:42 PST" time="31.043" errors="0">
  <testcase name="Login" time="6.054" classname="com.test.tests.TekArchApiTestScriptE2E"/>
  <system-out/>
  <testcase name="createUser" time="2.720" classname="com.test.tests.TekArchApiTestScriptE2E"/>
  <system-out/>
  <testcase name="getUser" time="3.864" classname="com.test.tests.TekArchApiTestScriptE2E"/>
  <system-out/>
  <testcase name="updateUser" time="9.557" classname="com.test.tests.TekArchApiTestScriptE2E"/>
  <system-out/>
  <testcase name="deleteUser" time="8.848" classname="com.test.tests.TekArchApiTestScriptE2E"/>
  <system-out/>
</testsuite> <!-- com.test.tests.TekArchApiTestScriptE2E -->
